mode: set
github.com/avepa/gethash/file/repository/os/controller.go:6.34,8.2 1 1
github.com/avepa/gethash/file/repository/os/os.go:10.88,12.16 2 1
github.com/avepa/gethash/file/repository/os/os.go:16.2,16.26 1 0
github.com/avepa/gethash/file/repository/os/os.go:21.2,21.25 1 0
github.com/avepa/gethash/file/repository/os/os.go:24.2,24.8 1 0
github.com/avepa/gethash/file/repository/os/os.go:12.16,14.3 1 1
github.com/avepa/gethash/file/repository/os/os.go:16.26,17.17 1 0
github.com/avepa/gethash/file/repository/os/os.go:17.17,19.4 1 0
github.com/avepa/gethash/file/repository/os/os.go:21.25,23.3 1 0
github.com/avepa/gethash/file/repository/os/os.go:27.79,30.2 2 0
github.com/avepa/gethash/file/repository/os/os.go:32.82,35.2 2 0
github.com/avepa/gethash/tools/hash/hash.go:27.52,28.14 1 1
github.com/avepa/gethash/tools/hash/hash.go:46.2,46.21 1 1
github.com/avepa/gethash/tools/hash/hash.go:29.18,30.23 1 1
github.com/avepa/gethash/tools/hash/hash.go:31.18,32.23 1 1
github.com/avepa/gethash/tools/hash/hash.go:33.16,34.21 1 1
github.com/avepa/gethash/tools/hash/hash.go:35.16,36.21 1 1
github.com/avepa/gethash/tools/hash/hash.go:37.20,38.24 1 1
github.com/avepa/gethash/tools/hash/hash.go:39.20,40.24 1 1
github.com/avepa/gethash/tools/hash/hash.go:41.13,42.18 1 1
github.com/avepa/gethash/tools/hash/hash.go:43.19,44.24 1 1
github.com/avepa/gethash/tools/hash/hash.go:49.35,50.11 1 1
github.com/avepa/gethash/tools/hash/hash.go:69.2,69.11 1 1
github.com/avepa/gethash/tools/hash/hash.go:51.16,52.20 1 1
github.com/avepa/gethash/tools/hash/hash.go:53.16,54.20 1 1
github.com/avepa/gethash/tools/hash/hash.go:55.14,56.18 1 1
github.com/avepa/gethash/tools/hash/hash.go:57.14,58.18 1 1
github.com/avepa/gethash/tools/hash/hash.go:59.17,60.22 1 1
github.com/avepa/gethash/tools/hash/hash.go:61.17,62.22 1 1
github.com/avepa/gethash/tools/hash/hash.go:63.11,64.15 1 1
github.com/avepa/gethash/tools/hash/hash.go:65.17,66.21 1 1
github.com/avepa/gethash/tools/hash/hash.go:72.55,73.11 1 1
github.com/avepa/gethash/tools/hash/hash.go:91.2,91.22 1 1
github.com/avepa/gethash/tools/hash/hash.go:74.16,75.26 1 1
github.com/avepa/gethash/tools/hash/hash.go:76.16,77.26 1 1
github.com/avepa/gethash/tools/hash/hash.go:78.14,79.25 1 1
github.com/avepa/gethash/tools/hash/hash.go:80.14,81.25 1 1
github.com/avepa/gethash/tools/hash/hash.go:82.17,83.38 1 1
github.com/avepa/gethash/tools/hash/hash.go:84.17,85.38 1 1
github.com/avepa/gethash/tools/hash/hash.go:86.11,87.22 1 1
github.com/avepa/gethash/tools/hash/hash.go:88.17,89.28 1 1
github.com/avepa/gethash/file/repository/mock/mock.go:25.48,28.2 2 1
github.com/avepa/gethash/file/repository/mock/mock.go:30.54,33.2 2 1
github.com/avepa/gethash/file/repository/mock/mock.go:35.78,38.2 2 1
github.com/avepa/gethash/file/repository/mock/mock.go:40.78,41.26 1 1
github.com/avepa/gethash/file/repository/mock/mock.go:44.2,45.8 2 1
github.com/avepa/gethash/file/repository/mock/mock.go:41.26,43.3 1 1
github.com/avepa/gethash/file/repository/mock/mock.go:48.62,51.2 2 1
github.com/avepa/gethash/file/repository/mock/mock.go:68.54,71.2 2 1
github.com/avepa/gethash/file/repository/mock/mock.go:73.56,76.2 2 1
github.com/avepa/gethash/file/repository/mock/mock.go:78.65,81.2 2 1
github.com/avepa/gethash/file/repository/mock/mock.go:83.92,84.21 1 1
github.com/avepa/gethash/file/repository/mock/mock.go:87.2,87.39 1 1
github.com/avepa/gethash/file/repository/mock/mock.go:90.2,90.28 1 1
github.com/avepa/gethash/file/repository/mock/mock.go:84.21,86.3 1 1
github.com/avepa/gethash/file/repository/mock/mock.go:87.39,89.3 1 0
github.com/avepa/gethash/file/repository/mock/mock.go:93.83,94.21 1 1
github.com/avepa/gethash/file/repository/mock/mock.go:97.2,97.39 1 1
github.com/avepa/gethash/file/repository/mock/mock.go:100.2,100.28 1 1
github.com/avepa/gethash/file/repository/mock/mock.go:103.2,103.33 1 1
github.com/avepa/gethash/file/repository/mock/mock.go:94.21,96.3 1 1
github.com/avepa/gethash/file/repository/mock/mock.go:97.39,99.3 1 1
github.com/avepa/gethash/file/repository/mock/mock.go:100.28,102.3 1 1
github.com/avepa/gethash/file/repository/mock/mock.go:106.86,107.21 1 1
github.com/avepa/gethash/file/repository/mock/mock.go:110.2,110.39 1 1
github.com/avepa/gethash/file/repository/mock/mock.go:113.2,113.30 1 1
github.com/avepa/gethash/file/repository/mock/mock.go:116.2,116.33 1 1
github.com/avepa/gethash/file/repository/mock/mock.go:107.21,109.3 1 1
github.com/avepa/gethash/file/repository/mock/mock.go:110.39,112.3 1 1
github.com/avepa/gethash/file/repository/mock/mock.go:113.30,115.3 1 0
github.com/avepa/gethash/file/repository/mock/mock.go:126.74,128.2 1 1
github.com/avepa/gethash/file/repository/mock/mock.go:130.72,132.2 1 1
github.com/avepa/gethash/file/repository/mock/mock.go:134.53,136.2 1 1
github.com/avepa/gethash/file/repository/mock/mock.go:138.86,140.2 1 1
github.com/avepa/gethash/file/repository/mock/mock.go:142.59,144.2 1 1
github.com/avepa/gethash/file/repository/mock/mock.go:146.58,148.2 1 1
github.com/avepa/gethash/file/repository/mock/mock.go:150.38,152.2 1 1
github.com/avepa/gethash/file/repository/mock/mock.go:154.65,156.2 1 1
github.com/avepa/gethash/file/delivery/cmd/cmd.go:21.58,23.16 2 0
github.com/avepa/gethash/file/delivery/cmd/cmd.go:26.2,26.55 1 0
github.com/avepa/gethash/file/delivery/cmd/cmd.go:23.16,25.3 1 0
github.com/avepa/gethash/file/delivery/cmd/cmd.go:29.45,53.36 7 1
github.com/avepa/gethash/file/delivery/cmd/cmd.go:58.2,58.25 1 1
github.com/avepa/gethash/file/delivery/cmd/cmd.go:62.2,70.17 2 1
github.com/avepa/gethash/file/delivery/cmd/cmd.go:53.36,57.3 3 0
github.com/avepa/gethash/file/delivery/cmd/cmd.go:58.25,60.3 1 0
github.com/avepa/gethash/file/delivery/cmd/controller.go:9.51,13.2 1 1
github.com/avepa/gethash/file/usecase/controller.go:16.54,20.2 1 1
github.com/avepa/gethash/file/usecase/controller.go:40.113,48.16 3 1
github.com/avepa/gethash/file/usecase/controller.go:51.2,52.16 2 1
github.com/avepa/gethash/file/usecase/controller.go:56.2,56.18 1 1
github.com/avepa/gethash/file/usecase/controller.go:48.16,50.3 1 1
github.com/avepa/gethash/file/usecase/controller.go:52.16,54.3 1 0
github.com/avepa/gethash/file/usecase/mock.go:18.46,21.2 2 1
github.com/avepa/gethash/file/usecase/mock.go:23.91,24.16 1 1
github.com/avepa/gethash/file/usecase/mock.go:27.2,27.21 1 1
github.com/avepa/gethash/file/usecase/mock.go:30.2,30.12 1 1
github.com/avepa/gethash/file/usecase/mock.go:24.16,26.3 1 1
github.com/avepa/gethash/file/usecase/mock.go:27.21,29.3 1 1
github.com/avepa/gethash/file/usecase/usecase.go:15.90,17.16 2 1
github.com/avepa/gethash/file/usecase/usecase.go:22.2,23.16 2 1
github.com/avepa/gethash/file/usecase/usecase.go:27.2,33.16 6 1
github.com/avepa/gethash/file/usecase/usecase.go:38.2,41.35 4 1
github.com/avepa/gethash/file/usecase/usecase.go:45.2,45.29 1 1
github.com/avepa/gethash/file/usecase/usecase.go:49.2,50.25 2 1
github.com/avepa/gethash/file/usecase/usecase.go:57.2,58.12 2 1
github.com/avepa/gethash/file/usecase/usecase.go:17.16,20.3 2 1
github.com/avepa/gethash/file/usecase/usecase.go:23.16,26.3 2 1
github.com/avepa/gethash/file/usecase/usecase.go:33.16,36.3 2 1
github.com/avepa/gethash/file/usecase/usecase.go:41.35,43.3 1 1
github.com/avepa/gethash/file/usecase/usecase.go:45.29,47.3 1 1
github.com/avepa/gethash/file/usecase/usecase.go:50.25,51.33 1 1
github.com/avepa/gethash/file/usecase/usecase.go:51.33,54.9 3 1
github.com/avepa/gethash/file/usecase/usecase.go:61.49,66.2 4 1
github.com/avepa/gethash/file/usecase/usecase.go:68.48,73.2 4 1
github.com/avepa/gethash/file/usecase/usecase.go:75.82,76.6 1 1
github.com/avepa/gethash/file/usecase/usecase.go:76.6,77.10 1 1
github.com/avepa/gethash/file/usecase/usecase.go:78.21,80.10 2 1
github.com/avepa/gethash/file/usecase/usecase.go:81.36,83.18 2 1
github.com/avepa/gethash/file/usecase/usecase.go:91.4,92.47 2 1
github.com/avepa/gethash/file/usecase/usecase.go:101.4,105.13 2 1
github.com/avepa/gethash/file/usecase/usecase.go:83.18,88.13 2 1
github.com/avepa/gethash/file/usecase/usecase.go:92.47,98.13 3 0
github.com/avepa/gethash/file/usecase/usecase.go:110.129,112.16 2 1
github.com/avepa/gethash/file/usecase/usecase.go:116.2,116.12 1 1
github.com/avepa/gethash/file/usecase/usecase.go:170.2,170.8 1 1
github.com/avepa/gethash/file/usecase/usecase.go:112.16,114.3 1 1
github.com/avepa/gethash/file/usecase/usecase.go:116.12,119.7 3 1
github.com/avepa/gethash/file/usecase/usecase.go:119.7,120.11 1 1
github.com/avepa/gethash/file/usecase/usecase.go:121.22,123.11 2 1
github.com/avepa/gethash/file/usecase/usecase.go:124.31,125.27 1 1
github.com/avepa/gethash/file/usecase/usecase.go:163.5,163.28 1 1
github.com/avepa/gethash/file/usecase/usecase.go:125.27,126.37 1 1
github.com/avepa/gethash/file/usecase/usecase.go:126.37,128.26 2 1
github.com/avepa/gethash/file/usecase/usecase.go:133.7,134.21 2 1
github.com/avepa/gethash/file/usecase/usecase.go:138.7,139.36 2 1
github.com/avepa/gethash/file/usecase/usecase.go:128.26,130.8 1 1
github.com/avepa/gethash/file/usecase/usecase.go:130.13,132.8 1 1
github.com/avepa/gethash/file/usecase/usecase.go:134.21,136.8 1 0
github.com/avepa/gethash/file/usecase/usecase.go:139.36,140.43 1 1
github.com/avepa/gethash/file/usecase/usecase.go:140.43,142.23 2 1
github.com/avepa/gethash/file/usecase/usecase.go:146.9,147.32 2 1
github.com/avepa/gethash/file/usecase/usecase.go:142.23,144.10 1 0
github.com/avepa/gethash/file/usecase/usecase.go:148.14,149.14 1 1
github.com/avepa/gethash/file/usecase/usecase.go:152.12,154.26 2 1
github.com/avepa/gethash/file/usecase/usecase.go:159.7,160.15 2 1
github.com/avepa/gethash/file/usecase/usecase.go:154.26,156.8 1 1
github.com/avepa/gethash/file/usecase/usecase.go:156.13,158.8 1 1
github.com/avepa/gethash/file/usecase/usecase.go:163.28,166.6 2 1
